2025-08-21 15:10:32.293 [main] INFO  net.project.loggers.LoggersApplication - Starting LoggersApplication using Java 17.0.7 on home-desktop with PID 4976 (D:\dev\github\log4j2\target\classes started by Mohan in D:\dev\github\log4j2)
2025-08-21 15:10:32.299 [main] INFO  net.project.loggers.LoggersApplication - No active profile set, falling back to 1 default profile: "default"
2025-08-21 15:10:32.843 [main] INFO  org.springframework.boot.web.embedded.tomcat.TomcatWebServer - Tomcat initialized with port(s): 8080 (http)
2025-08-21 15:10:32.855 [main] INFO  org.apache.coyote.http11.Http11NioProtocol - Initializing ProtocolHandler ["http-nio-8080"]
2025-08-21 15:10:32.856 [main] INFO  org.apache.catalina.core.StandardService - Starting service [Tomcat]
2025-08-21 15:10:32.856 [main] INFO  org.apache.catalina.core.StandardEngine - Starting Servlet engine: [Apache Tomcat/9.0.65]
2025-08-21 15:10:32.938 [main] INFO  org.apache.catalina.core.ContainerBase.[Tomcat].[localhost].[/] - Initializing Spring embedded WebApplicationContext
2025-08-21 15:10:32.938 [main] INFO  org.springframework.boot.web.servlet.context.ServletWebServerApplicationContext - Root WebApplicationContext: initialization completed in 607 ms
2025-08-21 15:10:33.133 [main] INFO  org.apache.coyote.http11.Http11NioProtocol - Starting ProtocolHandler ["http-nio-8080"]
2025-08-21 15:10:33.150 [main] INFO  org.springframework.boot.web.embedded.tomcat.TomcatWebServer - Tomcat started on port(s): 8080 (http) with context path ''
2025-08-21 15:10:33.156 [main] INFO  net.project.loggers.LoggersApplication - Started LoggersApplication in 1.085 seconds (JVM running for 1.789)
2025-08-21 15:10:38.256 [http-nio-8080-exec-1] INFO  org.apache.catalina.core.ContainerBase.[Tomcat].[localhost].[/] - Initializing Spring DispatcherServlet 'dispatcherServlet'
2025-08-21 15:10:38.256 [http-nio-8080-exec-1] INFO  org.springframework.web.servlet.DispatcherServlet - Initializing Servlet 'dispatcherServlet'
2025-08-21 15:10:38.257 [http-nio-8080-exec-1] INFO  org.springframework.web.servlet.DispatcherServlet - Completed initialization in 0 ms
2025-08-21 15:10:38.272 [http-nio-8080-exec-1] ERROR net.project.loggers.controller.UserController - Controller: This is an ERROR level message
2025-08-21 15:10:38.272 [http-nio-8080-exec-1] WARN  net.project.loggers.controller.UserController - Controller: This is a WARN level message
2025-08-21 15:10:38.272 [http-nio-8080-exec-1] INFO  net.project.loggers.controller.UserController - Controller: This is an INFO level message
2025-08-21 15:10:38.273 [http-nio-8080-exec-1] DEBUG net.project.loggers.controller.UserController - Controller: This is a DEBUG level message
2025-08-21 15:10:38.273 [http-nio-8080-exec-1] TRACE net.project.loggers.controller.UserController - Controller: This is a TRACE level message
2025-08-21 15:10:38.273 [http-nio-8080-exec-1] ERROR net.project.loggers.service.UserService - Service: This is an ERROR level message
2025-08-21 15:10:38.273 [http-nio-8080-exec-1] WARN  net.project.loggers.service.UserService - Service: This is a WARN level message
2025-08-21 15:10:38.273 [http-nio-8080-exec-1] INFO  net.project.loggers.service.UserService - Service: This is an INFO level message
2025-08-21 15:10:38.273 [http-nio-8080-exec-1] DEBUG net.project.loggers.service.UserService - Service: This is a DEBUG level message
2025-08-21 15:10:38.273 [http-nio-8080-exec-1] ERROR net.project.loggers.repository.UserRepository - Repository: This is an ERROR level message
2025-08-21 15:10:38.273 [http-nio-8080-exec-1] WARN  net.project.loggers.repository.UserRepository - Repository: This is a WARN level message
2025-08-21 15:10:38.273 [http-nio-8080-exec-1] INFO  net.project.loggers.repository.UserRepository - Repository: This is an INFO level message
2025-08-21 15:10:40.512 [http-nio-8080-exec-2] ERROR net.project.loggers.controller.UserController - Controller: This is an ERROR level message
2025-08-21 15:10:40.512 [http-nio-8080-exec-2] WARN  net.project.loggers.controller.UserController - Controller: This is a WARN level message
2025-08-21 15:10:40.512 [http-nio-8080-exec-2] INFO  net.project.loggers.controller.UserController - Controller: This is an INFO level message
2025-08-21 15:10:40.512 [http-nio-8080-exec-2] DEBUG net.project.loggers.controller.UserController - Controller: This is a DEBUG level message
2025-08-21 15:10:40.512 [http-nio-8080-exec-2] TRACE net.project.loggers.controller.UserController - Controller: This is a TRACE level message
2025-08-21 15:10:40.513 [http-nio-8080-exec-2] ERROR net.project.loggers.service.UserService - Service: This is an ERROR level message
2025-08-21 15:10:40.513 [http-nio-8080-exec-2] WARN  net.project.loggers.service.UserService - Service: This is a WARN level message
2025-08-21 15:10:40.513 [http-nio-8080-exec-2] INFO  net.project.loggers.service.UserService - Service: This is an INFO level message
2025-08-21 15:10:40.513 [http-nio-8080-exec-2] DEBUG net.project.loggers.service.UserService - Service: This is a DEBUG level message
2025-08-21 15:10:40.513 [http-nio-8080-exec-2] ERROR net.project.loggers.repository.UserRepository - Repository: This is an ERROR level message
2025-08-21 15:10:40.513 [http-nio-8080-exec-2] WARN  net.project.loggers.repository.UserRepository - Repository: This is a WARN level message
2025-08-21 15:10:40.513 [http-nio-8080-exec-2] INFO  net.project.loggers.repository.UserRepository - Repository: This is an INFO level message
2025-08-21 15:10:41.787 [http-nio-8080-exec-3] ERROR net.project.loggers.controller.UserController - Controller: This is an ERROR level message
2025-08-21 15:10:41.787 [http-nio-8080-exec-3] WARN  net.project.loggers.controller.UserController - Controller: This is a WARN level message
2025-08-21 15:10:41.787 [http-nio-8080-exec-3] INFO  net.project.loggers.controller.UserController - Controller: This is an INFO level message
2025-08-21 15:10:41.788 [http-nio-8080-exec-3] DEBUG net.project.loggers.controller.UserController - Controller: This is a DEBUG level message
2025-08-21 15:10:41.788 [http-nio-8080-exec-3] TRACE net.project.loggers.controller.UserController - Controller: This is a TRACE level message
2025-08-21 15:10:41.788 [http-nio-8080-exec-3] ERROR net.project.loggers.service.UserService - Service: This is an ERROR level message
2025-08-21 15:10:41.788 [http-nio-8080-exec-3] WARN  net.project.loggers.service.UserService - Service: This is a WARN level message
2025-08-21 15:10:41.788 [http-nio-8080-exec-3] INFO  net.project.loggers.service.UserService - Service: This is an INFO level message
2025-08-21 15:10:41.788 [http-nio-8080-exec-3] DEBUG net.project.loggers.service.UserService - Service: This is a DEBUG level message
2025-08-21 15:10:41.788 [http-nio-8080-exec-3] ERROR net.project.loggers.repository.UserRepository - Repository: This is an ERROR level message
2025-08-21 15:10:41.788 [http-nio-8080-exec-3] WARN  net.project.loggers.repository.UserRepository - Repository: This is a WARN level message
2025-08-21 15:10:41.788 [http-nio-8080-exec-3] INFO  net.project.loggers.repository.UserRepository - Repository: This is an INFO level message
2025-08-21 15:10:56.193 [RMI TCP Connection(2)-127.0.0.1] INFO  org.springframework.boot.admin.SpringApplicationAdminMXBeanRegistrar$SpringApplicationAdmin - Application shutdown requested.
2025-08-21 15:10:56.215 [RMI TCP Connection(2)-127.0.0.1] INFO  org.apache.coyote.http11.Http11NioProtocol - Pausing ProtocolHandler ["http-nio-8080"]
2025-08-21 15:10:56.215 [RMI TCP Connection(2)-127.0.0.1] INFO  org.apache.catalina.core.StandardService - Stopping service [Tomcat]
2025-08-21 15:10:56.216 [RMI TCP Connection(2)-127.0.0.1] INFO  org.apache.catalina.core.ContainerBase.[Tomcat].[localhost].[/] - Destroying Spring FrameworkServlet 'dispatcherServlet'
2025-08-21 15:10:56.219 [RMI TCP Connection(2)-127.0.0.1] INFO  org.apache.coyote.http11.Http11NioProtocol - Stopping ProtocolHandler ["http-nio-8080"]
2025-08-21 15:10:56.221 [RMI TCP Connection(2)-127.0.0.1] INFO  org.apache.coyote.http11.Http11NioProtocol - Destroying ProtocolHandler ["http-nio-8080"]
